<?xml version="1.0" encoding="UTF-8"?>
<testng-results ignored="0" total="6" passed="5" failed="1" skipped="0">
  <reporter-output>
    <line>
      <![CDATA[Open a new Chrome...]]>
    </line>
    <line>
      <![CDATA[Maximize the web site: https://www.google.com/]]>
    </line>
    <line>
      <![CDATA[Open a new Firefox...]]>
    </line>
    <line>
      <![CDATA[Verify that the hyperlink of 'T and T Consulting Services' is found.]]>
    </line>
    <line>
      <![CDATA[Maximize the web site: https://workforcenow.adp.com/workforcenow/login.html]]>
    </line>
    <line>
      <![CDATA[The page title of 'Welcome to ADP' is not found.]]>
    </line>
    <line>
      <![CDATA[Verify that the hyperlink of 'Forgot your user ID/password?' is found.]]>
    </line>
    <line>
      <![CDATA[Verify that the hyperlink of 'Administrator Sign In' is found.]]>
    </line>
    <line>
      <![CDATA[Verify that the text of 'T and T Consulting Services' is found.]]>
    </line>
    <line>
      <![CDATA[Verify that the text of Company Information is found.]]>
    </line>
    <line>
      <![CDATA[Verify that the text of Eligible for SBA 8(a) Program Competitive is found.]]>
    </line>
    <line>
      <![CDATA[Verify that the error message of 'Logon attempt failed' is found.]]>
    </line>
    <line>
      <![CDATA[The main menu text is verified.]]>
    </line>
    <line>
      <![CDATA[The page content of 'We cannot find your account with the information you entered.' is not found.]]>
    </line>
    <line>
      <![CDATA[Close the browser and end the session...]]>
    </line>
    <line>
      <![CDATA[Close the browser and end the session...]]>
    </line>
  </reporter-output>
  <suite started-at="2020-06-25T23:18:02 EDT" name="Test Suite " finished-at="2020-06-25T23:18:25 EDT" duration-ms="23020">
    <groups>
    </groups>
    <test started-at="2020-06-25T23:18:02 EDT" name="SmokeTest01_Chrome" finished-at="2020-06-25T23:18:22 EDT" duration-ms="20860">
      <class name="smoketest.SmokeTest01">
        <test-method is-config="true" signature="beforeClass(java.lang.String, org.testng.ITestContext)[pri:0, instance:smoketest.SmokeTest01@d4342c2]" started-at="2020-06-25T23:18:02 EDT" name="beforeClass" finished-at="2020-06-25T23:18:05 EDT" duration-ms="3317" status="PASS">
          <params>
            <param index="0">
              <value>
                <![CDATA[chrome]]>
              </value>
            </param>
            <param index="1">
              <value>
                <![CDATA[org.testng.TestRunner@39529185]]>
              </value>
            </param>
          </params>
          <reporter-output>
            <line>
              <![CDATA[Open a new Chrome...]]>
            </line>
            <line>
              <![CDATA[Maximize the web site: https://www.google.com/]]>
            </line>
          </reporter-output>
        </test-method> <!-- beforeClass -->
        <test-method signature="verifyTandTPageTitle()[pri:0, instance:smoketest.SmokeTest01@d4342c2]" started-at="2020-06-25T23:18:05 EDT" name="verifyTandTPageTitle" finished-at="2020-06-25T23:18:17 EDT" duration-ms="11860" status="PASS">
          <reporter-output>
            <line>
              <![CDATA[Verify that the hyperlink of 'T and T Consulting Services' is found.]]>
            </line>
            <line>
              <![CDATA[Verify that the text of 'T and T Consulting Services' is found.]]>
            </line>
          </reporter-output>
        </test-method> <!-- verifyTandTPageTitle -->
        <test-method signature="verifyTandTHomePage()[pri:1, instance:smoketest.SmokeTest01@d4342c2]" started-at="2020-06-25T23:18:17 EDT" name="verifyTandTHomePage" finished-at="2020-06-25T23:18:22 EDT" duration-ms="4880" status="PASS">
          <reporter-output>
            <line>
              <![CDATA[Verify that the text of Company Information is found.]]>
            </line>
            <line>
              <![CDATA[Verify that the text of Eligible for SBA 8(a) Program Competitive is found.]]>
            </line>
            <line>
              <![CDATA[The main menu text is verified.]]>
            </line>
          </reporter-output>
        </test-method> <!-- verifyTandTHomePage -->
        <test-method is-config="true" signature="afterClass()[pri:0, instance:smoketest.SmokeTest01@d4342c2]" started-at="2020-06-25T23:18:22 EDT" name="afterClass" finished-at="2020-06-25T23:18:22 EDT" duration-ms="728" status="PASS">
          <reporter-output>
            <line>
              <![CDATA[Close the browser and end the session...]]>
            </line>
          </reporter-output>
        </test-method> <!-- afterClass -->
      </class> <!-- smoketest.SmokeTest01 -->
    </test> <!-- SmokeTest01_Chrome -->
    <test started-at="2020-06-25T23:18:02 EDT" name="SmokeTest02_Firefox" finished-at="2020-06-25T23:18:24 EDT" duration-ms="22353">
      <class name="smoketest.SmokeTest02">
        <test-method is-config="true" signature="beforeClass(java.lang.String, org.testng.ITestContext)[pri:0, instance:smoketest.SmokeTest02@65466a6a]" started-at="2020-06-25T23:18:02 EDT" name="beforeClass" finished-at="2020-06-25T23:18:12 EDT" duration-ms="10368" status="PASS">
          <params>
            <param index="0">
              <value>
                <![CDATA[firefox]]>
              </value>
            </param>
            <param index="1">
              <value>
                <![CDATA[org.testng.TestRunner@72f926e6]]>
              </value>
            </param>
          </params>
          <reporter-output>
            <line>
              <![CDATA[Open a new Firefox...]]>
            </line>
            <line>
              <![CDATA[Maximize the web site: https://workforcenow.adp.com/workforcenow/login.html]]>
            </line>
          </reporter-output>
        </test-method> <!-- beforeClass -->
        <test-method signature="verifyADPLoginPage()[pri:0, instance:smoketest.SmokeTest02@65466a6a]" started-at="2020-06-25T23:18:12 EDT" name="verifyADPLoginPage" finished-at="2020-06-25T23:18:16 EDT" duration-ms="3767" status="PASS">
          <reporter-output>
            <line>
              <![CDATA[The page title of 'Welcome to ADP' is not found.]]>
            </line>
            <line>
              <![CDATA[Verify that the hyperlink of 'Forgot your user ID/password?' is found.]]>
            </line>
            <line>
              <![CDATA[Verify that the hyperlink of 'Administrator Sign In' is found.]]>
            </line>
          </reporter-output>
        </test-method> <!-- verifyADPLoginPage -->
        <test-method signature="verifyADPLogin()[pri:1, instance:smoketest.SmokeTest02@65466a6a]" started-at="2020-06-25T23:18:16 EDT" name="verifyADPLogin" finished-at="2020-06-25T23:18:22 EDT" duration-ms="6555" status="PASS">
          <reporter-output>
            <line>
              <![CDATA[Verify that the error message of 'Logon attempt failed' is found.]]>
            </line>
            <line>
              <![CDATA[The page content of 'We cannot find your account with the information you entered.' is not found.]]>
            </line>
          </reporter-output>
        </test-method> <!-- verifyADPLogin -->
        <test-method signature="verifyFailureInSmokeTest02()[pri:2, instance:smoketest.SmokeTest02@65466a6a]" started-at="2020-06-25T23:18:22 EDT" name="verifyFailureInSmokeTest02" finished-at="2020-06-25T23:18:22 EDT" duration-ms="10" status="FAIL">
          <exception class="java.lang.AssertionError">
            <message>
              <![CDATA[expected [true] but found [false]]]>
            </message>
            <full-stacktrace>
              <![CDATA[java.lang.AssertionError: expected [true] but found [false]
at org.testng.Assert.fail(Assert.java:97)
at org.testng.Assert.failNotEquals(Assert.java:969)
at org.testng.Assert.assertTrue(Assert.java:43)
at org.testng.Assert.assertTrue(Assert.java:53)
at smoketest.SmokeTest02.verifyFailureInSmokeTest02(SmokeTest02.java:78)
at java.base/jdk.internal.reflect.NativeMethodAccessorImpl.invoke0(Native Method)
at java.base/jdk.internal.reflect.NativeMethodAccessorImpl.invoke(NativeMethodAccessorImpl.java:62)
at java.base/jdk.internal.reflect.DelegatingMethodAccessorImpl.invoke(DelegatingMethodAccessorImpl.java:43)
at java.base/java.lang.reflect.Method.invoke(Method.java:564)
at org.testng.internal.MethodInvocationHelper.invokeMethod(MethodInvocationHelper.java:134)
at org.testng.internal.TestInvoker.invokeMethod(TestInvoker.java:597)
at org.testng.internal.TestInvoker.invokeTestMethod(TestInvoker.java:173)
at org.testng.internal.MethodRunner.runInSequence(MethodRunner.java:46)
at org.testng.internal.TestInvoker$MethodInvocationAgent.invoke(TestInvoker.java:816)
at org.testng.internal.TestInvoker.invokeTestMethods(TestInvoker.java:146)
at org.testng.internal.TestMethodWorker.invokeTestMethods(TestMethodWorker.java:146)
at org.testng.internal.TestMethodWorker.run(TestMethodWorker.java:128)
at java.base/java.util.ArrayList.forEach(ArrayList.java:1510)
at org.testng.TestRunner.privateRun(TestRunner.java:766)
at org.testng.TestRunner.run(TestRunner.java:587)
at org.testng.SuiteRunner.runTest(SuiteRunner.java:384)
at org.testng.SuiteRunner.access$000(SuiteRunner.java:28)
at org.testng.SuiteRunner$SuiteWorker.run(SuiteRunner.java:425)
at org.testng.internal.thread.ThreadUtil.lambda$execute$0(ThreadUtil.java:68)
at java.base/java.util.concurrent.FutureTask.run(FutureTask.java:264)
at java.base/java.util.concurrent.ThreadPoolExecutor.runWorker(ThreadPoolExecutor.java:1130)
at java.base/java.util.concurrent.ThreadPoolExecutor$Worker.run(ThreadPoolExecutor.java:630)
at java.base/java.lang.Thread.run(Thread.java:832)
]]>
            </full-stacktrace>
          </exception> <!-- java.lang.AssertionError -->
          <reporter-output>
          </reporter-output>
        </test-method> <!-- verifyFailureInSmokeTest02 -->
        <test-method is-config="true" signature="afterClass()[pri:0, instance:smoketest.SmokeTest02@65466a6a]" started-at="2020-06-25T23:18:23 EDT" name="afterClass" finished-at="2020-06-25T23:18:24 EDT" duration-ms="1342" status="PASS">
          <reporter-output>
            <line>
              <![CDATA[Close the browser and end the session...]]>
            </line>
          </reporter-output>
        </test-method> <!-- afterClass -->
      </class> <!-- smoketest.SmokeTest02 -->
    </test> <!-- SmokeTest02_Firefox -->
    <test started-at="2020-06-25T23:18:23 EDT" name="RestAPITest01" finished-at="2020-06-25T23:18:25 EDT" duration-ms="2054">
      <class name="restapitestpackage.RestAPITest01">
        <test-method signature="verifyNumber()[pri:0, instance:restapitestpackage.RestAPITest01@3eb7fc54]" started-at="2020-06-25T23:18:23 EDT" name="verifyNumber" finished-at="2020-06-25T23:18:25 EDT" duration-ms="2052" status="PASS">
          <reporter-output>
          </reporter-output>
        </test-method> <!-- verifyNumber -->
      </class> <!-- restapitestpackage.RestAPITest01 -->
    </test> <!-- RestAPITest01 -->
  </suite> <!-- Test Suite  -->
</testng-results>
